<?xml version="1.0" encoding="UTF-8"?>
<!-- Generated by org.testng.reporters.JUnitXMLReporter -->
<testsuite hostname="DESKTOP-AR628H2" ignored="0" name="JenkinsDemoTest" tests="3" failures="0" timestamp="15 Aug 2018 06:04:54 GMT" time="43.748" errors="0">
  <testcase name="verifyinvalidLogin" time="7.564" classname="com.jenkinsdemo.test.RegressionTestScripts"/>
  <testcase name="nevigateBack" time="1.714" classname="com.jenkinsdemo.test.RegressionTestScripts"/>
  <testcase name="verifyValidLogin" time="10.983" classname="com.jenkinsdemo.test.RegressionTestScripts"/>
</testsuite> <!-- JenkinsDemoTest -->
