<?xml version="1.0" encoding="UTF-8"?>
<testng-results skipped="0" failed="0" ignored="0" total="1" passed="1">
  <reporter-output>
  </reporter-output>
  <suite name="Default suite" duration-ms="37814" started-at="2018-08-17T22:40:33Z" finished-at="2018-08-17T22:41:11Z">
    <groups>
    </groups>
    <test name="Default test" duration-ms="37814" started-at="2018-08-17T22:40:33Z" finished-at="2018-08-17T22:41:11Z">
      <class name="com.regression.testscripts.VerifyAutomationTesting">
        <test-method status="PASS" signature="verifyRegister()[pri:0, instance:com.regression.testscripts.VerifyAutomationTesting@5702b3b1]" name="verifyRegister" duration-ms="37775" started-at="2018-08-17T22:40:33Z" finished-at="2018-08-17T22:41:11Z">
          <reporter-output>
          </reporter-output>
        </test-method> <!-- verifyRegister -->
      </class> <!-- com.regression.testscripts.VerifyAutomationTesting -->
    </test> <!-- Default test -->
  </suite> <!-- Default suite -->
</testng-results>
